TN:verilator_coverage
SF:rtl/tinygpu_cmd_ctrl.sv
DA:354,1056281
DA:355,1056281
DA:356,51
DA:357,51
DA:358,1053426
BRDA:358,0,0,2804
BRDA:358,0,1,1053426
DA:359,2804
DA:361,1053426
DA:365,547894
DA:370,547894
DA:371,47
DA:372,47
DA:373,547816
BRDA:373,0,0,31
BRDA:373,0,1,547816
DA:374,31
DA:376,547816
DA:402,978739
BRDA:402,0,0,77542
BRDA:402,0,1,978739
DA:403,784267
BRDA:403,0,0,194472
BRDA:403,0,1,784267
DA:404,742011
BRDA:404,0,0,42256
BRDA:404,0,1,742011
DA:405,725653
BRDA:405,0,0,16358
BRDA:405,0,1,725653
DA:406,759943
BRDA:406,0,0,759943
BRDA:406,0,1,296338
DA:407,756027
BRDA:407,0,0,756027
BRDA:407,0,1,300254
DA:408,752133
BRDA:408,0,0,752133
BRDA:408,0,1,304148
BRDA:408,0,2,139641
BRDA:408,0,3,164507
DA:412,538165
BRDA:412,0,0,538165
BRDA:412,0,1,518116
DA:434,759943
BRDA:434,0,0,759943
BRDA:434,0,1,296338
DA:435,558261
BRDA:435,0,0,498020
BRDA:435,0,1,558261
BRDA:435,0,2,234423
BRDA:435,0,3,263597
DA:436,558261
BRDA:436,0,0,498020
BRDA:436,0,1,558261
BRDA:436,0,2,233760
BRDA:436,0,3,264260
DA:437,558261
BRDA:437,0,0,558261
BRDA:437,0,1,123860
BRDA:437,0,2,140400
DA:438,558261
BRDA:438,0,0,498020
BRDA:438,0,1,558261
DA:454,1056281
DA:455,1056281
DA:456,1056281
DA:457,1056281
DA:459,538165
BRDA:459,0,0,538165
BRDA:459,0,1,518116
DA:460,538165
DA:461,520957
DA:462,520957
DA:463,520957
DA:465,6660
DA:466,6660
DA:467,6660
DA:469,5871
DA:470,5871
DA:471,5871
DA:473,4677
DA:474,4677
DA:475,4677
DA:680,1051241
BRDA:680,0,0,5040
BRDA:680,0,1,1051241
DA:681,1051241
BRDA:681,0,0,5040
BRDA:681,0,1,1051241
DA:686,1056281
DA:687,1056281
DA:688,8939
DA:689,8939
DA:690,2806
DA:691,2696
DA:692,2055
DA:693,1382
DA:696,1047342
DA:697,1047342
DA:698,1018250
DA:699,11091
DA:700,9784
DA:701,8217
DA:707,1056281
DA:708,1056281
DA:710,915993
BRDA:710,0,0,893468
BRDA:710,0,1,543098
BRDA:710,0,2,0
BRDA:710,0,3,140288
BRDA:710,0,4,915993
DA:711,140288
DA:713,547894
BRDA:713,0,0,547894
BRDA:713,0,1,508387
DA:714,547894
DA:716,764478
BRDA:716,0,0,291803
BRDA:716,0,1,764478
DA:717,222563
BRDA:717,0,0,222563
BRDA:717,0,1,69240
DA:718,222563
DA:720,69240
DA:721,764478
DA:722,764478
DA:726,1056280
DA:727,1056276
BRDA:727,0,0,4
BRDA:727,0,1,4
BRDA:727,0,2,1056276
DA:728,4
DA:729,4
DA:730,4
DA:731,4
DA:732,4
DA:733,4
DA:734,4
DA:735,4
DA:736,4
DA:737,4
DA:738,4
DA:739,4
DA:740,4
DA:741,4
DA:742,4
DA:743,4
DA:744,4
DA:745,4
DA:746,4
DA:747,4
DA:748,4
DA:749,4
DA:750,4
DA:751,4
DA:752,4
DA:753,4
DA:754,4
DA:755,4
DA:756,4
DA:757,4
DA:758,4
DA:759,4
DA:760,4
DA:761,4
DA:762,4
DA:763,4
DA:764,4
DA:765,4
DA:766,4
DA:767,4
DA:768,4
DA:769,4
DA:770,4
DA:771,4
DA:772,4
DA:773,4
DA:774,4
DA:775,4
DA:776,4
DA:777,4
DA:778,4
DA:779,4
DA:780,4
DA:781,4
DA:782,4
DA:783,4
DA:784,4
DA:785,4
DA:786,4
DA:787,4
DA:788,4
DA:789,4
DA:790,4
DA:791,4
DA:792,4
DA:793,4
DA:794,4
DA:795,4
DA:796,4
DA:797,4
DA:798,4
DA:799,16
BRDA:799,0,0,4
BRDA:799,0,1,16
DA:800,16
DA:802,1056275
BRDA:802,0,0,1
BRDA:802,0,1,1056275
DA:803,1
DA:804,1
DA:805,1
DA:806,1
DA:807,1
DA:808,1
DA:809,1
DA:810,1
DA:811,1
DA:812,1
DA:813,1
DA:814,1
DA:815,1
DA:816,1
DA:817,1
DA:818,1
DA:819,1
DA:820,1
DA:821,1
DA:822,1
DA:823,1
DA:824,1
DA:825,1
DA:826,1
DA:827,1
DA:828,1
DA:829,1
DA:830,1
DA:831,1
DA:832,1
DA:833,1
DA:834,1
DA:835,1
DA:836,1
DA:837,1
DA:838,1
DA:839,1
DA:840,1
DA:841,1
DA:842,1
DA:843,1
DA:844,1
DA:845,1
DA:846,1
DA:847,1
DA:848,1
DA:849,1
DA:850,1
DA:851,1
DA:852,1
DA:853,1
DA:854,1
DA:855,1
DA:856,1
DA:857,1
DA:858,1
DA:859,1
DA:860,1
DA:861,1
DA:862,1
DA:863,1
DA:864,1
DA:865,1
DA:866,1
DA:867,1
DA:868,1
DA:869,1
DA:870,1
DA:871,1
DA:872,1
DA:873,1
DA:874,4
BRDA:874,0,0,1
BRDA:874,0,1,4
DA:875,4
DA:877,1056275
DA:878,1056275
DA:879,1056275
DA:880,1056275
DA:881,1056275
DA:882,1056275
DA:883,1056275
DA:884,1056275
DA:885,1056275
DA:886,1056275
DA:887,1056275
DA:888,1056275
DA:889,1056275
DA:890,1056275
DA:891,1056275
DA:892,1056275
DA:893,1056275
DA:894,1056275
DA:895,1056275
DA:896,1056275
DA:897,1056275
DA:898,1056275
DA:899,1056275
DA:900,1056275
DA:901,1056275
DA:902,1056275
DA:903,1056275
DA:904,1056275
DA:905,1056275
BRDA:905,0,0,1056275
BRDA:905,0,1,861803
BRDA:905,0,2,831
BRDA:905,0,3,193641
DA:906,1056275
DA:907,1056275
DA:908,1056275
DA:909,1056275
DA:910,1056275
DA:911,1056275
DA:913,1055132
BRDA:913,0,0,1143
BRDA:913,0,1,1055132
DA:914,1143
DA:916,1055610
BRDA:916,0,0,665
BRDA:916,0,1,1055610
DA:917,665
DA:918,665
DA:919,665
DA:920,665
DA:921,665
DA:922,665
DA:923,665
DA:924,665
DA:925,665
DA:926,665
DA:927,665
DA:928,665
DA:929,665
DA:930,665
DA:931,665
DA:932,665
DA:933,665
DA:934,665
DA:935,665
DA:938,1055797
BRDA:938,0,0,478
BRDA:938,0,1,1055797
DA:939,478
DA:940,478
DA:941,478
DA:942,478
DA:943,478
DA:944,478
DA:945,478
DA:946,478
DA:947,478
DA:948,478
DA:949,478
DA:950,478
DA:951,478
DA:952,478
DA:953,478
DA:954,478
DA:955,478
DA:956,478
DA:957,478
DA:960,1048879
BRDA:960,0,0,7396
BRDA:960,0,1,1048879
DA:961,7396
DA:962,478
DA:963,478
DA:964,478
DA:965,478
DA:966,478
DA:967,478
DA:968,478
DA:969,478
DA:970,478
DA:971,478
DA:972,478
DA:973,478
DA:974,478
DA:975,478
DA:976,478
DA:977,478
DA:979,176
DA:980,176
DA:981,176
DA:982,176
DA:983,0
DA:988,1055991
BRDA:988,0,0,1055132
BRDA:988,0,1,284
BRDA:988,0,2,465426
BRDA:988,0,3,558255
BRDA:988,0,4,284
BRDA:988,0,5,1055991
DA:989,284
DA:990,284
DA:991,284
DA:994,1194
DA:995,4776
BRDA:995,0,0,1194
BRDA:995,0,1,4776
DA:996,4776
DA:998,1053530
BRDA:998,0,0,1551
BRDA:998,0,1,1053530
DA:999,1551
DA:1002,1054482
BRDA:1002,0,0,1793
BRDA:1002,0,1,1054482
DA:1003,1793
DA:1004,1055425
BRDA:1004,0,0,850
BRDA:1004,0,1,1055425
DA:1005,850
DA:1006,1054482
BRDA:1006,0,0,1793
BRDA:1006,0,1,1054482
DA:1007,1793
DA:1008,1054482
BRDA:1008,0,0,1793
BRDA:1008,0,1,1054482
DA:1009,1793
DA:1010,1055840
BRDA:1010,0,0,435
BRDA:1010,0,1,1055840
DA:1011,435
DA:1012,1056275
DA:1013,1056275
BRDA:1013,0,0,14750
BRDA:1013,0,1,19246
BRDA:1013,0,2,981285
BRDA:1013,0,3,17760
BRDA:1013,0,4,23234
BRDA:1013,0,5,1056275
DA:1014,1056275
BRDA:1014,0,0,1030386
BRDA:1014,0,1,25889
BRDA:1014,0,2,25889
BRDA:1014,0,3,1030386
BRDA:1014,0,4,1056275
DA:1016,1054482
BRDA:1016,0,0,1793
BRDA:1016,0,1,1054482
DA:1017,1793
DA:1018,1793
DA:1019,1793
DA:1022,1052742
BRDA:1022,0,0,3533
BRDA:1022,0,1,1052742
DA:1023,3533
DA:1024,3533
DA:1025,3533
DA:1026,3533
DA:1027,3533
DA:1028,3533
DA:1029,3533
DA:1034,1056280
DA:1035,1056276
BRDA:1035,0,0,4
BRDA:1035,0,1,4
BRDA:1035,0,2,1056276
DA:1036,4
DA:1037,4
DA:1038,4
DA:1039,4
DA:1040,1055132
BRDA:1040,0,0,1144
BRDA:1040,0,1,1055132
BRDA:1040,0,2,1143
BRDA:1040,0,3,1055132
BRDA:1040,0,4,1
DA:1041,1144
DA:1042,1144
DA:1043,1144
DA:1044,1144
DA:1045,1055132
DA:1046,1055088
BRDA:1046,0,0,44
BRDA:1046,0,1,1055088
DA:1047,44
DA:1048,1054975
BRDA:1048,0,0,157
BRDA:1048,0,1,1054975
DA:1049,157
DA:1050,1055132
BRDA:1050,0,0,0
BRDA:1050,0,1,1055132
DA:1051,0
DA:1052,1055074
BRDA:1052,0,0,58
BRDA:1052,0,1,1055074
DA:1053,58
DA:1057,1056281
DA:1058,1056281
DA:1059,1056281
DA:1065,552541
DA:1066,498020
DA:1067,5720
DA:1070,1056281
BRDA:1070,0,0,1056281
BRDA:1070,0,1,547151
BRDA:1070,0,2,518116
BRDA:1070,0,3,963
DA:1072,1056281
DA:1073,1056281
DA:1074,991912
BRDA:1074,0,0,451662
BRDA:1074,0,1,63636
BRDA:1074,0,2,58046
BRDA:1074,0,3,991912
BRDA:1074,0,4,60447
DA:1075,991912
BRDA:1075,0,0,25889
BRDA:1075,0,1,63636
BRDA:1075,0,2,58046
BRDA:1075,0,3,991912
DA:1076,498020
DA:1080,74990
DA:1081,5720
DA:1085,1056281
DA:1086,659684
BRDA:1086,0,0,659684
BRDA:1086,0,1,396597
DA:1087,659684
DA:1089,396597
DA:1091,685609
BRDA:1091,0,0,370672
BRDA:1091,0,1,685609
DA:1092,370672
DA:1094,685609
DA:1096,636720
BRDA:1096,0,0,419561
BRDA:1096,0,1,636720
DA:1097,419561
DA:1099,636720
DA:1102,1
DA:1103,4
BRDA:1103,0,0,1
BRDA:1103,0,1,4
DA:1104,4
DA:1105,4
DA:1106,4
DA:1109,4
BRDA:1109,0,0,1
BRDA:1109,0,1,4
DA:1110,4
DA:1111,4
DA:1112,4
DA:1116,1056281
DA:1117,1056281
DA:1118,1056281
DA:1119,1056281
DA:1120,1056281
DA:1121,1056281
DA:1122,1056281
DA:1123,1056281
DA:1124,1056281
DA:1125,1056281
DA:1126,1056281
DA:1127,1056281
DA:1128,1056281
DA:1129,1056281
DA:1130,1056281
DA:1131,1056281
DA:1132,1056281
DA:1133,1056281
DA:1134,1056281
DA:1135,1056281
DA:1136,1056281
DA:1137,1056281
DA:1138,1056281
DA:1139,1056281
DA:1140,1056281
DA:1141,1056281
DA:1142,1056281
DA:1144,1056281
DA:1145,23295
DA:1146,23295
DA:1147,23295
DA:1148,23295
DA:1149,23295
DA:1150,23295
DA:1151,23295
DA:1152,23295
DA:1153,23295
DA:1154,23295
DA:1155,23295
DA:1156,23295
DA:1157,23295
DA:1158,23295
DA:1159,23295
DA:1160,23295
DA:1161,23295
DA:1162,23295
DA:1163,23295
DA:1164,23295
DA:1165,23295
DA:1166,23295
DA:1167,23295
DA:1168,23295
DA:1169,23295
DA:1170,23295
DA:1171,23295
DA:1174,884
DA:1175,884
DA:1176,884
DA:1177,884
DA:1178,884
DA:1179,884
DA:1180,884
DA:1181,884
DA:1182,884
DA:1183,884
DA:1184,884
DA:1185,884
DA:1186,884
DA:1187,884
DA:1190,1143
DA:1191,993473
BRDA:1191,0,0,259
BRDA:1191,0,1,61928
BRDA:1191,0,2,963
BRDA:1191,0,3,5720
BRDA:1191,0,4,993473
BRDA:1191,0,5,884
DA:1192,884
DA:1193,884
DA:1194,884
DA:1195,884
DA:1196,884
DA:1197,884
DA:1198,884
DA:1199,884
DA:1200,884
DA:1201,884
BRDA:1201,0,0,884
BRDA:1201,0,1,440
BRDA:1201,0,2,444
BRDA:1201,0,3,444
BRDA:1201,0,4,440
DA:1202,884
DA:1206,77542
DA:1207,1048885
BRDA:1207,0,0,70146
BRDA:1207,0,1,986135
BRDA:1207,0,2,7396
BRDA:1207,0,3,1048885
BRDA:1207,0,4,7396
DA:1208,6918
BRDA:1208,0,0,6918
BRDA:1208,0,1,478
DA:1209,6918
DA:1213,1194
DA:1214,1194
DA:1215,1194
DA:1216,1194
DA:1219,11269
DA:1220,9684
BRDA:1220,0,0,1585
BRDA:1220,0,1,9684
DA:1221,9684
DA:1223,1585
DA:1226,1585
DA:1227,1194
BRDA:1227,0,0,1194
BRDA:1227,0,1,391
DA:1228,391
DA:1229,391
DA:1230,1194
DA:1231,1194
DA:1232,1194
DA:1233,1194
DA:1234,1194
DA:1238,16358
DA:1239,1054730
BRDA:1239,0,0,14807
BRDA:1239,0,1,1041474
BRDA:1239,0,2,1054730
BRDA:1239,0,3,535030
BRDA:1239,0,4,1551
BRDA:1239,0,5,1551
DA:1240,929
BRDA:1240,0,0,929
BRDA:1240,0,1,622
DA:1241,929
DA:1243,622
DA:1247,194472
DA:1248,193641
BRDA:1248,0,0,193641
BRDA:1248,0,1,831
DA:1249,831
DA:1250,831
DA:1251,831
DA:1255,1793
DA:1256,1049202
BRDA:1256,0,0,0
BRDA:1256,0,1,4436
BRDA:1256,0,2,22623
BRDA:1256,0,3,2643
BRDA:1256,0,4,1026579
BRDA:1256,0,5,1049202
BRDA:1256,0,6,1793
DA:1257,1515
BRDA:1257,0,0,1515
BRDA:1257,0,1,278
DA:1258,1515
DA:1260,278
DA:1264,85256
DA:1265,978658
BRDA:1265,0,0,75823
BRDA:1265,0,1,978658
BRDA:1265,0,2,77623
BRDA:1265,0,3,9433
DA:1266,5727
BRDA:1266,0,0,5727
BRDA:1266,0,1,3706
DA:1267,5727
DA:1268,3706
DA:1269,3706
DA:1270,2512
BRDA:1270,0,0,2512
BRDA:1270,0,1,1194
DA:1271,2512
DA:1274,8239
BRDA:1274,0,0,1194
BRDA:1274,0,1,8239
DA:1275,1194
DA:1276,1194
DA:1277,1194
DA:1282,209
DA:1283,209
DA:1284,209
DA:1285,209
DA:1286,209
DA:1287,209
DA:1288,209
DA:1289,209
DA:1290,209
DA:1291,209
DA:1292,209
DA:1293,209
DA:1294,209
DA:1295,209
DA:1296,209
DA:1297,209
DA:1300,379
DA:1301,379
DA:1302,379
DA:1303,379
DA:1304,379
DA:1305,379
DA:1306,379
DA:1307,379
DA:1308,379
DA:1309,379
DA:1310,379
DA:1311,379
DA:1312,379
DA:1313,379
DA:1314,379
DA:1315,379
DA:1316,379
DA:1317,379
DA:1318,379
DA:1319,379
DA:1320,379
DA:1323,640902
DA:1328,3168841
DA:1329,3168841
DA:1330,3168841
DA:1331,3168841
DA:1332,3168841
DA:1333,3168841
DA:1334,3168841
DA:1335,3168841
DA:1336,3168841
DA:1337,3168841
DA:1338,3168841
DA:1339,3168841
DA:1340,3168841
DA:1341,3168841
DA:1342,3168841
DA:1343,3168841
DA:1344,3168841
DA:1346,3168841
DA:1347,3168841
DA:1349,3168841
DA:1350,3168841
DA:1351,3168841
BRDA:1351,0,0,3168841
BRDA:1351,0,1,2652
BRDA:1351,0,2,777
BRDA:1351,0,3,69883
BRDA:1351,0,4,3095529
DA:1352,3168841
DA:1353,3168841
BRDA:1353,0,0,3168841
BRDA:1353,0,1,3120361
BRDA:1353,0,2,33807
BRDA:1353,0,3,5379
BRDA:1353,0,4,5379
BRDA:1353,0,5,3915
DA:1354,3168841
DA:1355,3168841
DA:1356,3168841
DA:1357,3168841
DA:1358,3168841
DA:1359,3168841
DA:1360,3168841
DA:1361,3168841
DA:1362,3168841
DA:1363,3168841
DA:1365,3168841
DA:1366,3168841
DA:1367,3168841
DA:1369,3168841
DA:1370,3168841
DA:1372,3168841
DA:1373,3168841
DA:1374,3168841
DA:1375,3168841
DA:1377,3168841
DA:1378,3168841
DA:1379,3168841
DA:1380,3168841
DA:1381,3168841
DA:1382,3168841
DA:1383,3168841
DA:1384,3168841
DA:1385,3168841
DA:1386,3168841
DA:1387,3168841
DA:1388,3168841
DA:1389,3168841
DA:1390,3168841
DA:1391,3168841
DA:1392,3168841
DA:1393,3168841
DA:1394,3168841
DA:1395,3168841
DA:1396,3168841
DA:1397,3168841
DA:1399,3168841
DA:1400,69883
DA:1401,69883
DA:1402,69883
DA:1403,69883
DA:1404,69883
DA:1405,69883
DA:1406,69883
DA:1407,69883
DA:1408,69883
DA:1409,67597
BRDA:1409,0,0,67597
BRDA:1409,0,1,2286
DA:1410,2286
DA:1411,2286
DA:1412,1330
BRDA:1412,0,0,1330
BRDA:1412,0,1,956
DA:1413,1330
DA:1414,1330
DA:1415,956
DA:1416,956
DA:1417,956
DA:1422,232626
DA:1423,232626
DA:1424,232626
DA:1425,232626
DA:1426,232626
DA:1428,2958403
BRDA:1428,0,0,2958403
BRDA:1428,0,1,210438
BRDA:1428,0,2,22188
DA:1429,22188
DA:1430,22188
BRDA:1430,0,0,22188
BRDA:1430,0,1,0
DA:1431,22188
DA:1432,188250
BRDA:1432,0,0,22188
BRDA:1432,0,1,188250
DA:1433,22188
DA:1434,22188
DA:1435,20754
BRDA:1435,0,0,1434
BRDA:1435,0,1,20754
DA:1436,1434
DA:1440,3429
DA:1441,3429
DA:1442,3429
DA:1443,3429
DA:1444,3429
DA:1445,3429
DA:1446,3429
DA:1447,3151681
BRDA:1447,0,0,17160
BRDA:1447,0,1,3151681
BRDA:1447,0,2,132
DA:1448,132
DA:1449,132
DA:1450,2826
BRDA:1450,0,0,471
BRDA:1450,0,1,471
BRDA:1450,0,2,2826
DA:1451,471
DA:1452,471
DA:1453,2652
BRDA:1453,0,0,174
BRDA:1453,0,1,2652
BRDA:1453,0,2,174
BRDA:1453,0,3,2652
DA:1454,174
DA:1455,174
DA:1456,2652
DA:1457,2652
DA:1461,2652
DA:1462,2652
DA:1463,2652
DA:1464,2652
DA:1465,2652
DA:1466,2652
DA:1467,2652
DA:1468,1818
BRDA:1468,0,0,1818
BRDA:1468,0,1,834
DA:1469,834
DA:1471,1818
DA:1474,3582
DA:1475,3582
DA:1476,3582
DA:1477,3582
DA:1478,3582
DA:1479,3582
DA:1480,3582
DA:1481,3582
DA:1482,3582
DA:1483,1974
BRDA:1483,0,0,1608
BRDA:1483,0,1,1974
DA:1484,1974
DA:1486,1608
DA:1489,583416
DA:1490,583416
DA:1491,583416
DA:1492,583416
DA:1493,583416
DA:1494,583416
DA:1495,583416
DA:1497,2587918
BRDA:1497,0,0,2587918
BRDA:1497,0,1,580923
BRDA:1497,0,2,2493
DA:1498,2493
DA:1499,0
DA:1500,0
DA:1501,0
DA:1502,0
DA:1503,578430
BRDA:1503,0,0,2493
BRDA:1503,0,1,578430
DA:1504,2493
DA:1505,2493
DA:1509,566724
DA:1510,566724
DA:1511,566724
DA:1512,566724
DA:1513,566724
DA:1514,566724
DA:1515,566724
DA:1516,566724
DA:1517,566724
DA:1519,1787946
BRDA:1519,0,0,1787946
BRDA:1519,0,1,1370296
BRDA:1519,0,2,10599
BRDA:1519,0,3,2262
DA:1520,2262
DA:1521,2262
DA:1522,2262
DA:1523,2262
DA:1524,2262
DA:1525,2262
DA:1526,2262
DA:1527,2262
DA:1528,0
DA:1529,0
DA:1530,0
DA:1531,0
DA:1532,0
DA:1533,559938
BRDA:1533,0,0,2262
BRDA:1533,0,1,559938
DA:1534,2262
DA:1535,2262
DA:1536,2262
DA:1537,559938
DA:1538,559938
DA:1542,986652
DA:1543,986652
DA:1544,986652
DA:1545,986652
DA:1546,986652
DA:1547,986652
DA:1548,986652
DA:1549,986652
DA:1550,986652
DA:1552,1787946
BRDA:1552,0,0,1787946
BRDA:1552,0,1,1370296
BRDA:1552,0,2,10599
BRDA:1552,0,3,4755
DA:1553,4755
DA:1554,4755
DA:1555,4755
DA:1556,4755
DA:1557,4755
DA:1558,4755
DA:1559,4755
DA:1560,4755
DA:1561,0
DA:1562,0
DA:1563,0
DA:1564,0
DA:1565,0
DA:1566,972387
BRDA:1566,0,0,4755
BRDA:1566,0,1,972387
DA:1567,4755
DA:1568,4755
DA:1569,4755
DA:1570,972387
DA:1571,972387
DA:1575,33807
DA:1576,33807
DA:1577,33807
DA:1578,33807
DA:1579,33807
DA:1580,33807
DA:1581,33807
DA:1582,29052
BRDA:1582,0,0,29052
BRDA:1582,0,1,4755
DA:1583,4755
DA:1586,4755
DA:1587,4755
DA:1588,4755
DA:1589,4755
DA:1590,4755
DA:1591,4755
DA:1592,1173
DA:1593,654
BRDA:1593,0,0,519
BRDA:1593,0,1,654
DA:1594,519
DA:1596,654
DA:1598,1866
BRDA:1598,0,0,1866
BRDA:1598,0,1,1716
DA:1599,1866
DA:1601,1716
DA:1604,49074
DA:1605,49074
DA:1606,49074
DA:1607,49074
DA:1608,49074
DA:1609,49074
DA:1611,1605088
BRDA:1611,0,0,1605088
BRDA:1611,0,1,1563753
BRDA:1611,0,2,0
DA:1612,0
DA:1613,0
DA:1614,44421
BRDA:1614,0,0,4653
BRDA:1614,0,1,4653
BRDA:1614,0,2,44421
DA:1615,4653
DA:1616,4653
BRDA:1616,0,0,4653
BRDA:1616,0,1,0
DA:1617,4653
DA:1618,39768
BRDA:1618,0,0,4653
BRDA:1618,0,1,39768
DA:1619,4653
DA:1620,4653
DA:1621,2787
BRDA:1621,0,0,1866
BRDA:1621,0,1,2787
DA:1622,1866
DA:1626,224460
DA:1627,224460
DA:1628,224460
DA:1629,224460
DA:1630,224460
DA:1631,224460
DA:1632,2947963
BRDA:1632,0,0,220878
BRDA:1632,0,1,2947963
BRDA:1632,0,2,217296
BRDA:1632,0,3,3582
BRDA:1632,0,4,3582
DA:1633,3582
DA:1635,167148
BRDA:1635,0,0,167148
BRDA:1635,0,1,57312
DA:1636,57312
DA:1637,57312
DA:1638,57312
BRDA:1638,0,0,57312
BRDA:1638,0,1,28128
BRDA:1638,0,2,29184
BRDA:1638,0,3,29184
BRDA:1638,0,4,28128
DA:1641,220878
BRDA:1641,0,0,220878
BRDA:1641,0,1,3582
DA:1642,3582
DA:1645,255768
DA:1646,255768
DA:1647,255768
DA:1648,1614495
BRDA:1648,0,0,255768
BRDA:1648,0,1,1554346
BRDA:1648,0,2,1614495
BRDA:1648,0,3,132939
BRDA:1648,0,4,122829
DA:1649,255768
DA:1650,255768
DA:1651,255768
DA:1652,255768
DA:1653,255768
DA:1654,255768
DA:1656,1787946
BRDA:1656,0,0,1787946
BRDA:1656,0,1,1370296
BRDA:1656,0,2,10599
BRDA:1656,0,3,3582
DA:1657,3582
DA:1658,3582
DA:1659,3582
DA:1660,3582
DA:1661,3582
DA:1662,3582
DA:1663,3582
DA:1664,3582
DA:1665,0
DA:1666,0
DA:1667,0
DA:1668,0
DA:1669,0
DA:1670,245022
BRDA:1670,0,0,3582
BRDA:1670,0,1,245022
DA:1671,3582
DA:1672,3582
DA:1673,627
DA:1674,627
DA:1675,1818
BRDA:1675,0,0,1137
BRDA:1675,0,1,1818
DA:1676,1137
DA:1678,1818
DA:1679,245022
DA:1680,245022
DA:1684,94572
DA:1685,94572
DA:1686,94572
DA:1687,94572
DA:1688,94572
DA:1689,94572
DA:1691,94572
DA:1692,94572
DA:1694,3093043
BRDA:1694,0,0,3093043
BRDA:1694,0,1,75798
BRDA:1694,0,2,43041
DA:1695,43041
DA:1696,37662
BRDA:1696,0,0,5379
BRDA:1696,0,1,37662
DA:1697,5379
DA:1698,46152
BRDA:1698,0,0,5379
BRDA:1698,0,1,46152
DA:1699,5379
DA:1700,5379
DA:1701,2829
BRDA:1701,0,0,2550
BRDA:1701,0,1,2829
DA:1702,2550
DA:1704,2829
DA:1708,26817
DA:1709,26817
DA:1710,26817
DA:1711,26817
DA:1712,26817
DA:1713,26817
DA:1715,26817
DA:1716,26817
DA:1718,3093043
BRDA:1718,0,0,3093043
BRDA:1718,0,1,75798
BRDA:1718,0,2,2550
DA:1719,2550
DA:1720,2550
BRDA:1720,0,0,2550
BRDA:1720,0,1,0
DA:1721,2550
DA:1722,21717
BRDA:1722,0,0,2550
BRDA:1722,0,1,21717
DA:1723,2550
DA:1724,2550
DA:1725,2550
DA:1729,5379
DA:1730,5379
DA:1731,5379
DA:1732,5379
DA:1733,5379
DA:1734,5379
DA:1735,5379
DA:1736,5379
DA:1739,5379
DA:1740,5379
DA:1741,5379
DA:1742,5379
DA:1743,5379
DA:1744,5379
DA:1745,5379
DA:1746,4074
BRDA:1746,0,0,4074
BRDA:1746,0,1,1305
DA:1747,1305
DA:1749,4074
DA:1752,3915
DA:1753,3915
DA:1754,3915
DA:1755,3915
DA:1756,3915
DA:1757,3915
DA:1758,3915
BRDA:1758,0,0,0
BRDA:1758,0,1,3915
DA:1759,3915
DA:1760,1305
BRDA:1760,0,0,1305
BRDA:1760,0,1,1305
BRDA:1760,0,2,1305
BRDA:1760,0,3,1305
DA:1761,1305
DA:1762,1305
BRDA:1762,0,0,1305
BRDA:1762,0,1,1305
DA:1763,1305
DA:1764,1305
DA:1766,0
DA:1767,0
DA:1771,5379
DA:1772,5379
DA:1773,5379
DA:1774,5379
DA:1775,5379
DA:1776,5379
DA:1777,5379
DA:1778,5379
DA:1781,5379
DA:1782,5379
DA:1783,5379
DA:1784,5379
DA:1785,5379
DA:1786,5379
DA:1788,5379
DA:1789,5379
DA:1790,5379
DA:1791,5379
DA:1792,5379
DA:1794,5379
BRDA:1794,0,0,0
BRDA:1794,0,1,5379
DA:1795,5379
DA:1796,4545
BRDA:1796,0,0,4545
BRDA:1796,0,1,834
DA:1797,4545
DA:1799,834
DA:1800,0
DA:1801,0
DA:1805,627
DA:1806,627
DA:1807,627
DA:1808,627
DA:1809,627
DA:1810,627
DA:1811,627
DA:1814,1137
DA:1815,1137
DA:1816,1137
DA:1817,1137
DA:1818,1137
DA:1819,1137
DA:1820,1137
DA:1823,2652
DA:1824,2652
DA:1825,2652
DA:1826,2652
DA:1827,2652
DA:1828,2652
DA:1829,2652
DA:1830,2652
DA:1831,2652
DA:1832,2652
DA:1835,777
DA:1836,777
DA:1837,777
DA:1838,777
DA:1839,777
DA:1840,777
DA:1841,777
DA:1842,777
DA:1843,777
DA:1844,777
DA:1847,0
DA:1848,0
DA:1857,1056280
DA:1858,1056276
BRDA:1858,0,0,4
BRDA:1858,0,1,4
BRDA:1858,0,2,1056276
DA:1859,1056275
BRDA:1859,0,0,1056275
BRDA:1859,0,1,1
BRDA:1859,0,2,1056275
BRDA:1859,0,3,1
DA:1863,1056275
DA:1864,1056275
DA:1865,1056275
DA:1866,1056275
DA:1867,1056275
BRDA:1867,0,0,1056275
BRDA:1867,0,1,11269
BRDA:1867,0,2,1045006
BRDA:1867,0,3,0
DA:1868,1056275
BRDA:1868,0,0,1056275
BRDA:1868,0,1,1039605
BRDA:1868,0,2,0
BRDA:1868,0,3,194472
DA:1869,1056275
BRDA:1869,0,0,1056275
BRDA:1869,0,1,467359
BRDA:1869,0,2,0
BRDA:1869,0,3,595982
BRDA:1869,0,4,3533
DA:1870,1056275
BRDA:1870,0,0,1056275
BRDA:1870,0,1,864296
BRDA:1870,0,2,0
BRDA:1870,0,3,193641
DA:1871,1056275
BRDA:1871,0,0,1056275
BRDA:1871,0,1,460293
BRDA:1871,0,2,1052742
BRDA:1871,0,3,0
DA:1872,1056275
BRDA:1872,0,0,1056275
BRDA:1872,0,1,884
BRDA:1872,0,2,259
BRDA:1872,0,3,1055132
BRDA:1872,0,4,0
DA:1873,1056275
BRDA:1873,0,0,1056275
BRDA:1873,0,1,24432
BRDA:1873,0,2,1055132
BRDA:1873,0,3,0
DA:1874,1037171
BRDA:1874,0,0,19104
BRDA:1874,0,1,1037171
DA:1875,19104
DA:1876,19104
BRF:369
BRH:336
end_of_record
SF:rtl/tinygpu_counters.sv
DA:19,1056280
DA:20,1056276
BRDA:20,0,0,4
BRDA:20,0,1,1056276
BRDA:20,0,2,4
BRDA:20,0,3,1056276
DA:21,4
DA:22,4
DA:23,4
DA:24,4
DA:25,4
DA:26,4
DA:27,4
DA:28,1056276
DA:29,1055133
BRDA:29,0,0,1143
BRDA:29,0,1,1055133
DA:30,1143
DA:31,1143
DA:32,1143
DA:33,1055133
DA:34,1031843
BRDA:34,0,0,23290
BRDA:34,0,1,1031843
DA:35,1031843
DA:36,1038973
BRDA:36,0,0,1038973
BRDA:36,0,1,16160
DA:37,16160
DA:38,931448
BRDA:38,0,0,123685
BRDA:38,0,1,931448
DA:39,931448
DA:42,1055133
BRDA:42,0,0,1143
BRDA:42,0,1,1055133
DA:43,1143
DA:44,1143
DA:45,1143
DA:46,1143
BRF:14
BRH:12
end_of_record
SF:rtl/tinygpu_dma.sv
DA:82,1056281
DA:83,1056281
DA:84,392440
DA:85,203930
DA:86,174946
DA:87,284965
DA:91,1056280
DA:92,1056276
BRDA:92,0,0,4
BRDA:92,0,1,1056276
BRDA:92,0,2,4
BRDA:92,0,3,1056276
DA:93,4
DA:94,4
DA:95,4
DA:96,4
DA:97,4
DA:98,4
DA:99,4
DA:100,4
DA:101,4
DA:102,4
DA:103,4
DA:104,4
DA:105,4
DA:106,4
DA:107,4
DA:108,1056276
DA:109,1056276
DA:110,1056276
DA:111,1056276
DA:112,1056276
DA:113,1056276
DA:114,1056276
DA:115,1056276
DA:116,1056276
DA:117,1056276
DA:119,1052743
BRDA:119,0,0,592449
BRDA:119,0,1,3533
BRDA:119,0,2,1052743
BRDA:119,0,3,3533
BRDA:119,0,4,1052743
DA:120,3533
DA:121,3533
DA:122,3533
DA:123,3533
DA:124,3533
DA:125,3533
DA:126,3533
DA:127,3533
DA:128,3533
DA:131,1046843
BRDA:131,0,0,9433
BRDA:131,0,1,1046843
DA:132,9433
DA:136,3168841
DA:137,3168841
DA:138,3168841
DA:139,3168841
DA:140,3168841
DA:141,3168841
DA:142,3168841
DA:144,3158242
BRDA:144,0,0,1777347
BRDA:144,0,1,10599
BRDA:144,0,2,3158242
BRDA:144,0,3,10599
DA:145,10599
DA:146,10599
DA:147,3008143
BRDA:147,0,0,150099
BRDA:147,0,1,3008143
DA:148,109896
BRDA:148,0,0,109896
BRDA:148,0,1,40203
DA:149,109896
DA:150,101688
BRDA:150,0,0,101688
BRDA:150,0,1,8208
DA:151,8208
DA:153,101688
DA:155,92715
BRDA:155,0,0,17181
BRDA:155,0,1,92715
DA:156,92715
DA:158,17181
DA:159,40203
DA:160,40203
DA:161,40203
BRDA:161,0,0,0
BRDA:161,0,1,40203
DA:162,40203
DA:163,40203
DA:164,40203
DA:165,32667
BRDA:165,0,0,32667
BRDA:165,0,1,7536
DA:166,29052
BRDA:166,0,0,3615
BRDA:166,0,1,29052
DA:167,3615
DA:169,29052
DA:170,7536
DA:171,7536
DA:173,32667
BRDA:173,0,0,32667
BRDA:173,0,1,7536
DA:174,29052
BRDA:174,0,0,3615
BRDA:174,0,1,29052
DA:175,3615
DA:177,29052
DA:178,7536
DA:179,7536
DA:186,3168841
DA:187,3168841
DA:188,3168841
DA:189,3168841
DA:191,3168841
DA:192,3168841
DA:193,3168841
DA:194,3168841
DA:195,3168841
DA:197,3168841
DA:198,3168841
DA:199,3168841
DA:200,3168841
DA:201,3168841
DA:203,3168841
DA:204,1391494
DA:205,1391494
DA:206,1380895
BRDA:206,0,0,1380895
BRDA:206,0,1,10599
DA:207,10599
BRDA:207,0,0,0
BRDA:207,0,1,0
BRDA:207,0,2,10599
BRDA:207,0,3,0
DA:208,0
DA:209,7017
DA:210,7017
DA:211,3582
BRDA:211,0,0,3582
BRDA:211,0,1,0
BRDA:211,0,2,0
BRDA:211,0,3,1758
BRDA:211,0,4,1824
DA:212,3582
DA:214,0
DA:218,134589
DA:219,134589
DA:220,134589
DA:221,134589
DA:222,132399
BRDA:222,0,0,2190
BRDA:222,0,1,132399
DA:223,132399
DA:226,1258320
DA:227,1125921
BRDA:227,0,0,1125921
BRDA:227,0,1,132399
DA:228,132399
DA:231,132399
DA:232,132399
DA:233,132399
DA:234,132399
DA:235,132399
DA:236,132399
DA:238,125382
BRDA:238,0,0,125382
BRDA:238,0,1,7017
DA:239,7017
DA:240,125382
DA:241,125382
DA:242,125382
DA:246,28299
DA:247,28299
DA:248,28299
DA:249,28299
DA:252,213141
DA:253,213141
DA:254,213141
DA:255,213141
DA:256,213141
DA:257,213141
DA:259,111006
BRDA:259,0,0,111006
BRDA:259,0,1,102135
DA:260,102135
DA:261,102135
DA:262,111006
DA:263,111006
DA:264,19302
DA:265,19302
DA:266,19302
DA:268,32319
DA:269,32319
DA:270,32319
DA:272,30132
DA:273,30132
DA:274,30132
DA:276,29253
DA:277,29253
DA:278,29253
DA:283,184842
BRDA:283,0,0,184842
BRDA:283,0,1,28299
DA:284,24717
BRDA:284,0,0,3582
BRDA:284,0,1,24717
DA:285,3582
DA:286,24717
DA:287,24717
DA:288,24717
DA:293,10599
DA:294,10599
DA:295,10599
DA:298,0
DA:299,0
DA:300,0
DA:303,0
DA:304,0
DA:317,1056280
DA:318,1056276
BRDA:318,0,0,4
BRDA:318,0,1,1056276
BRDA:318,0,2,4
BRDA:318,0,3,1056276
DA:319,4
DA:320,4
DA:321,4
DA:322,4
DA:323,4
DA:324,4
DA:325,1056276
DA:326,993932
BRDA:326,0,0,62344
BRDA:326,0,1,993932
DA:327,62344
DA:328,62344
DA:329,62344
DA:330,62344
DA:331,62344
DA:333,1056276
BRDA:333,0,0,1056276
BRDA:333,0,1,269648
BRDA:333,0,2,940366
BRDA:333,0,3,62344
DA:334,993932
BRDA:334,0,0,269648
BRDA:334,0,1,940366
BRDA:334,0,2,62344
BRDA:334,0,3,62344
BRDA:334,0,4,993932
DA:335,62344
DA:336,62344
DA:337,62344
DA:338,62344
DA:341,1012143
BRDA:341,0,0,786628
BRDA:341,0,1,940366
BRDA:341,0,2,44133
BRDA:341,0,3,71047
BRDA:341,0,4,44133
BRDA:341,0,5,1012143
DA:342,44133
DA:343,1012143
BRDA:343,0,0,44133
BRDA:343,0,1,1012143
DA:344,44133
DA:346,1056276
BRDA:346,0,0,1056276
BRDA:346,0,1,1012143
BRDA:346,0,2,0
BRDA:346,0,3,419440
DA:347,1056276
BRDA:347,0,0,1056276
BRDA:347,0,1,44133
BRDA:347,0,2,1012143
BRDA:347,0,3,0
DA:348,1056276
BRDA:348,0,0,1056276
BRDA:348,0,1,1052743
BRDA:348,0,2,0
BRDA:348,0,3,1056276
DA:349,1056276
BRDA:349,0,0,1056276
BRDA:349,0,1,71047
BRDA:349,0,2,985229
BRDA:349,0,3,0
DA:350,1056276
BRF:95
BRH:81
end_of_record
SF:rtl/tinygpu_epilogue_shared.sv
DA:61,38208
DA:62,38208
DA:63,784
DA:64,784
DA:65,37060
BRDA:65,0,0,364
BRDA:65,0,1,37060
DA:66,364
DA:68,37060
DA:72,130739
DA:77,130739
DA:78,343
DA:79,343
DA:80,127410
BRDA:80,0,0,2986
BRDA:80,0,1,127410
DA:81,2986
DA:83,127410
DA:87,1056281
DA:93,1056281
DA:94,1056281
DA:95,1056281
DA:97,806845
BRDA:97,0,0,249436
BRDA:97,0,1,806845
DA:98,131267
BRDA:98,0,0,118169
BRDA:98,0,1,131267
DA:99,131267
DA:101,226359
BRDA:101,0,0,225489
BRDA:101,0,1,226359
BRDA:101,0,2,124116
BRDA:101,0,3,0
BRDA:101,0,4,23947
DA:102,23947
DA:104,130739
BRDA:104,0,0,118697
BRDA:104,0,1,130739
DA:105,130739
DA:106,806845
DA:107,806845
DA:110,1056281
DA:121,1056281
DA:122,764478
BRDA:122,0,0,291803
BRDA:122,0,1,764478
DA:123,222563
BRDA:123,0,0,222563
BRDA:123,0,1,69240
DA:124,222563
DA:126,69240
DA:127,764478
DA:128,764478
DA:132,1056280
DA:133,1056276
BRDA:133,0,0,4
BRDA:133,0,1,1056276
BRDA:133,0,2,4
BRDA:133,0,3,1056276
DA:134,4
DA:135,4
DA:136,4
DA:137,4
DA:138,4
DA:139,4
DA:140,4
DA:141,4
DA:142,4
DA:143,4
DA:144,4
DA:145,4
DA:146,16
BRDA:146,0,0,4
BRDA:146,0,1,16
DA:147,64
BRDA:147,0,0,16
BRDA:147,0,1,64
DA:148,64
DA:149,64
DA:152,1056276
DA:153,1056276
DA:154,1056276
DA:155,1056276
DA:157,1056276
DA:158,983844
DA:159,983844
DA:160,982650
BRDA:160,0,0,1194
BRDA:160,0,1,982650
DA:161,1194
DA:162,1194
DA:163,1194
DA:164,1194
DA:168,19104
DA:169,19104
DA:170,19104
DA:171,14064
BRDA:171,0,0,5040
BRDA:171,0,1,14064
DA:172,5040
DA:173,5040
DA:174,14064
DA:175,14064
DA:176,14064
DA:180,5040
DA:181,5040
DA:184,10080
DA:185,5040
BRDA:185,0,0,5040
BRDA:185,0,1,5040
DA:186,5040
DA:187,5040
DA:191,19104
DA:192,19104
DA:193,19104
DA:194,19104
DA:195,19104
DA:196,19104
DA:197,19104
DA:200,19104
DA:201,17910
BRDA:201,0,0,1194
BRDA:201,0,1,17910
DA:202,1194
DA:203,1194
DA:204,1194
DA:205,17910
DA:206,14328
BRDA:206,0,0,3582
BRDA:206,0,1,14328
DA:207,3582
DA:208,3582
DA:209,14328
DA:210,14328
DA:212,17910
DA:216,0
DA:217,0
DA:218,0
BRF:37
BRH:33
end_of_record
SF:rtl/tinygpu_im2col_loader.sv
DA:100,1056281
DA:101,1056281
DA:102,1056281
DA:103,1056281
DA:104,629952
BRDA:104,0,0,426329
BRDA:104,0,1,629952
DA:105,426329
DA:106,629952
DA:107,629952
DA:108,430596
BRDA:108,0,0,199356
BRDA:108,0,1,430596
DA:109,199356
DA:110,430596
DA:111,430596
DA:112,430596
DA:117,1056281
DA:118,1056281
DA:119,1056281
DA:120,1056281
DA:121,1056281
DA:122,1056281
DA:123,1056281
DA:124,1056281
DA:125,1056281
DA:127,1056281
DA:128,1056281
DA:129,1056281
DA:130,1056281
DA:131,1056281
DA:132,1056281
DA:133,1056281
DA:134,1056281
DA:135,1056281
DA:137,1056281
DA:138,863471
DA:139,863471
DA:140,862640
BRDA:140,0,0,862640
BRDA:140,0,1,831
DA:141,831
DA:142,831
DA:143,831
DA:144,831
DA:145,831
DA:146,831
DA:147,831
DA:148,831
BRDA:148,0,0,0
BRDA:148,0,1,831
DA:150,831
BRDA:150,0,0,0
BRDA:150,0,1,0
BRDA:150,0,2,831
BRDA:150,0,3,0
BRDA:150,0,4,0
BRDA:150,0,5,0
BRDA:150,0,6,0
BRDA:150,0,7,0
BRDA:150,0,8,0
DA:151,0
DA:153,831
DA:157,16670
DA:158,13434
BRDA:158,0,0,3236
BRDA:158,0,1,13434
DA:159,13434
DA:161,3236
DA:164,14390
DA:165,14390
DA:166,13434
BRDA:166,0,0,956
BRDA:166,0,1,13434
DA:167,13434
DA:170,127579
DA:171,114145
BRDA:171,0,0,114145
BRDA:171,0,1,13434
DA:172,13434
DA:175,16670
DA:176,16670
DA:177,674931
BRDA:177,0,0,13434
BRDA:177,0,1,381350
BRDA:177,0,2,674931
BRDA:177,0,3,3236
DA:178,3236
DA:179,16670
DA:182,16670
DA:183,13803
BRDA:183,0,0,13803
BRDA:183,0,1,2867
DA:184,2867
DA:185,2867
DA:186,2867
DA:187,2867
DA:188,1712
BRDA:188,0,0,1712
BRDA:188,0,1,1155
DA:189,1712
DA:190,1155
DA:191,1155
DA:192,1155
DA:195,2036
BRDA:195,0,0,831
BRDA:195,0,1,2036
DA:196,831
DA:197,2036
DA:198,2036
DA:199,2036
DA:201,13803
DA:202,13803
DA:203,13803
DA:204,13803
DA:205,13803
DA:206,13803
DA:210,831
DA:211,831
DA:212,831
DA:213,831
DA:216,0
DA:217,0
DA:218,0
DA:219,0
DA:224,1056280
DA:225,1056276
BRDA:225,0,0,4
BRDA:225,0,1,1056276
BRDA:225,0,2,4
BRDA:225,0,3,1056276
DA:226,4
DA:227,4
DA:228,4
DA:229,4
DA:230,4
DA:231,4
DA:232,4
DA:233,4
DA:234,4
DA:235,4
DA:236,4
DA:237,4
DA:238,4
DA:239,4
DA:240,4
DA:241,4
DA:242,4
DA:243,4
DA:244,1056276
DA:245,1056276
DA:246,1056276
DA:247,1056276
DA:248,1056276
DA:249,1056276
DA:250,1056276
DA:251,1056276
DA:252,1056276
DA:254,1055445
BRDA:254,0,0,192810
BRDA:254,0,1,831
BRDA:254,0,2,1055445
BRDA:254,0,3,831
BRDA:254,0,4,1055445
DA:255,831
DA:256,831
DA:257,831
DA:260,1039606
BRDA:260,0,0,16670
BRDA:260,0,1,1039606
DA:261,16670
DA:263,1042842
BRDA:263,0,0,928697
BRDA:263,0,1,13434
BRDA:263,0,2,1042842
BRDA:263,0,3,13434
DA:264,13434
DA:265,3601
DA:266,3455
DA:267,3211
DA:268,3167
DA:270,1039606
BRDA:270,0,0,3236
BRDA:270,0,1,1039606
BRDA:270,0,2,1026172
BRDA:270,0,3,3236
BRDA:270,0,4,404571
DA:271,3236
DA:274,1055445
BRDA:274,0,0,790453
BRDA:274,0,1,1039606
BRDA:274,0,2,831
BRDA:274,0,3,838905
BRDA:274,0,4,831
BRDA:274,0,5,1055445
DA:275,831
DA:276,831
DA:277,831
DA:280,1055445
BRDA:280,0,0,1039606
BRDA:280,0,1,831
BRDA:280,0,2,838905
BRDA:280,0,3,412809
BRDA:280,0,4,831
BRDA:280,0,5,1055445
DA:281,831
DA:282,831
DA:290,1056280
DA:291,1056276
BRDA:291,0,0,4
BRDA:291,0,1,1056276
BRDA:291,0,2,4
BRDA:291,0,3,1056276
DA:292,4
DA:293,1056276
DA:294,1056276
BRDA:294,0,0,1056276
BRDA:294,0,1,418005
BRDA:294,0,2,1041886
BRDA:294,0,3,0
DA:295,1056276
BRDA:295,0,0,1056276
BRDA:295,0,1,977847
BRDA:295,0,2,1041886
BRDA:295,0,3,0
BRDA:295,0,4,928697
DA:296,1042842
BRDA:296,0,0,977847
BRDA:296,0,1,1041886
BRDA:296,0,2,13434
BRDA:296,0,3,13434
BRDA:296,0,4,1042842
DA:297,13434
DA:298,1042842
BRDA:298,0,0,13434
BRDA:298,0,1,1042842
DA:299,13434
DA:300,1056276
BRDA:300,0,0,1056276
BRDA:300,0,1,1042842
BRDA:300,0,2,0
BRDA:300,0,3,127579
DA:301,1056276
BRDA:301,0,0,1056276
BRDA:301,0,1,16670
BRDA:301,0,2,1039606
BRDA:301,0,3,0
DA:302,1056276
BRDA:302,0,0,1056276
BRDA:302,0,1,831
BRDA:302,0,2,1055445
BRDA:302,0,3,0
DA:303,1056276
BRDA:303,0,0,1056276
BRDA:303,0,1,0
BRDA:303,0,2,1056276
BRDA:303,0,3,0
DA:304,1056276
BRDA:304,0,0,1056276
BRDA:304,0,1,1055445
BRDA:304,0,2,0
BRDA:304,0,3,1056276
DA:305,1056276
BRDA:305,0,0,1056276
BRDA:305,0,1,0
BRDA:305,0,2,1056276
BRDA:305,0,3,831
BRDA:305,0,4,863466
DA:306,1056276
BRDA:306,0,0,1056276
BRDA:306,0,1,0
BRDA:306,0,2,1056276
BRDA:306,0,3,831
BRDA:306,0,4,863466
BRF:115
BRH:92
end_of_record
SF:rtl/tinygpu_mem_arbiter.sv
DA:59,2936215
BRDA:59,0,0,232626
BRDA:59,0,1,2936215
DA:60,2352799
BRDA:60,0,0,583416
BRDA:60,0,1,2352799
DA:61,2226031
BRDA:61,0,0,126768
BRDA:61,0,1,2226031
DA:62,2176957
BRDA:62,0,0,49074
BRDA:62,0,1,2176957
DA:63,2936215
BRDA:63,0,0,232626
BRDA:63,0,1,2936215
DA:64,2352799
BRDA:64,0,0,583416
BRDA:64,0,1,2352799
DA:65,2226031
BRDA:65,0,0,126768
BRDA:65,0,1,2226031
DA:66,2176957
BRDA:66,0,0,49074
BRDA:66,0,1,2176957
DA:67,2936215
BRDA:67,0,0,232626
BRDA:67,0,1,2936215
DA:68,2352799
BRDA:68,0,0,583416
BRDA:68,0,1,2352799
DA:69,2226031
BRDA:69,0,0,126768
BRDA:69,0,1,2226031
DA:70,2176957
BRDA:70,0,0,49074
BRDA:70,0,1,2176957
DA:71,2936215
BRDA:71,0,0,232626
BRDA:71,0,1,2936215
DA:72,2352799
BRDA:72,0,0,583416
BRDA:72,0,1,2352799
DA:73,2226031
BRDA:73,0,0,126768
BRDA:73,0,1,2226031
DA:74,2176957
BRDA:74,0,0,49074
BRDA:74,0,1,2176957
DA:75,2936215
BRDA:75,0,0,232626
BRDA:75,0,1,2936215
DA:76,2352799
BRDA:76,0,0,583416
BRDA:76,0,1,2352799
DA:77,2226031
BRDA:77,0,0,126768
BRDA:77,0,1,2226031
DA:78,2176957
BRDA:78,0,0,49074
BRDA:78,0,1,2176957
DA:93,3168841
DA:94,3125671
BRDA:94,0,0,2585425
BRDA:94,0,1,43170
BRDA:94,0,2,3125671
BRDA:94,0,3,43170
BRDA:94,0,4,3125671
DA:95,43170
BRDA:95,0,0,43170
BRDA:95,0,1,43170
BRDA:95,0,2,0
BRF:48
BRH:47
end_of_record
SF:rtl/tinygpu_pe.sv
DA:20,16900480
DA:21,16900416
BRDA:21,0,0,64
BRDA:21,0,1,64
BRDA:21,0,2,16900416
DA:22,64
DA:23,19104
DA:24,19104
DA:25,16799302
BRDA:25,0,0,82010
BRDA:25,0,1,16799302
DA:26,82010
BRF:5
BRH:5
end_of_record
SF:rtl/tinygpu_regs.sv
DA:102,3174355
DA:107,3174355
DA:108,3174355
DA:109,12697420
BRDA:109,0,0,3174355
BRDA:109,0,1,12697420
DA:110,12517888
BRDA:110,0,0,12517888
BRDA:110,0,1,179532
DA:111,179532
DA:116,19013046
DA:121,19013046
DA:122,19013046
DA:123,18776832
BRDA:123,0,0,236214
BRDA:123,0,1,18776832
DA:124,18776832
BRDA:124,0,0,236214
BRDA:124,0,1,18776832
DA:132,3165412
BRDA:132,0,0,3429
BRDA:132,0,1,3165412
DA:134,3129472
BRDA:134,0,0,39369
BRDA:134,0,1,3129472
DA:135,3129472
BRDA:135,0,0,39369
BRDA:135,0,1,3129472
DA:144,1056280
DA:145,1056276
BRDA:145,0,0,4
BRDA:145,0,1,4
BRDA:145,0,2,1056276
DA:146,4
DA:147,4
DA:148,4
DA:149,4
DA:150,4
DA:151,4
DA:152,4
DA:153,4
DA:154,4
DA:155,4
DA:156,4
DA:157,4
DA:158,4
DA:159,4
DA:160,4
DA:161,4
DA:162,4
DA:163,4
DA:164,4
DA:165,4
DA:166,4
DA:167,4
DA:168,4
DA:169,1056275
BRDA:169,0,0,1
BRDA:169,0,1,1056275
DA:170,1
DA:171,1
DA:172,1
DA:173,1
DA:174,1
DA:175,1
DA:176,1
DA:177,1
DA:178,1
DA:179,1
DA:180,1
DA:181,1
DA:182,1
DA:183,1
DA:184,1
DA:185,1
DA:186,1
DA:187,1
DA:188,1
DA:189,1
DA:190,1
DA:191,1
DA:192,1
DA:193,1056275
DA:194,1055132
BRDA:194,0,0,1143
BRDA:194,0,1,1055132
DA:195,1143
DA:196,1143
DA:199,1055132
BRDA:199,0,0,1143
BRDA:199,0,1,1055132
DA:200,1143
DA:202,1043153
BRDA:202,0,0,521384
BRDA:202,0,1,13122
BRDA:202,0,2,1043153
BRDA:202,0,3,13122
BRDA:202,0,4,1043153
DA:203,13122
DA:204,1144
DA:205,1144
DA:206,1144
DA:208,479
DA:209,665
DA:210,665
DA:211,665
DA:212,665
DA:213,665
DA:214,665
DA:215,665
DA:216,665
DA:217,665
DA:218,665
DA:219,665
DA:220,665
DA:221,666
DA:222,666
DA:223,666
DA:224,666
DA:226,348
DA:227,348
DA:228,348
DA:229,1143
DA:230,1143
BRDA:230,0,0,1143
BRDA:230,0,1,0
DA:231,1143
DA:233,0
DA:242,3168841
DA:243,3168841
DA:244,3168841
DA:245,3466
DA:246,3119112
BRDA:246,0,0,3119112
BRDA:246,0,1,73312
BRDA:246,0,2,3095529
DA:247,1443
DA:248,1995
DA:249,1995
DA:250,1995
DA:251,1995
DA:252,1995
DA:253,1995
DA:254,1995
DA:255,1995
DA:256,1995
DA:257,1995
DA:258,1995
DA:259,1995
DA:260,2004
DA:261,2004
DA:262,3
DA:263,3
DA:264,3
DA:265,3429
DA:266,10287
DA:267,1047
DA:268,1047
DA:269,1050
DA:270,3
DA:271,0
BRF:33
BRH:29
end_of_record
SF:rtl/tinygpu_shared_mul.sv
DA:18,1056280
DA:19,1056276
BRDA:19,0,0,4
BRDA:19,0,1,1056276
BRDA:19,0,2,4
BRDA:19,0,3,1056276
DA:20,4
DA:21,4
DA:22,4
DA:23,1056276
DA:24,1056276
DA:26,1050801
BRDA:26,0,0,5475
BRDA:26,0,1,1050801
BRDA:26,0,2,5475
BRDA:26,0,3,5475
DA:27,5475
DA:28,5475
DA:29,1045326
BRDA:29,0,0,5475
BRDA:29,0,1,1045326
DA:30,5475
DA:31,5475
BRF:10
BRH:8
end_of_record
SF:rtl/tinygpu_spm.sv
DA:43,12675364
DA:47,12675364
DA:48,12675364
DA:49,12675364
DA:50,12675364
DA:51,12675364
DA:52,12675364
DA:53,4609752
DA:54,4609752
DA:55,4609752
DA:56,12647620
BRDA:56,0,0,4585272
BRDA:56,0,1,24480
BRDA:56,0,2,27744
BRDA:56,0,3,12647620
BRDA:56,0,4,24480
DA:57,4585272
DA:59,5194992
DA:60,5194992
DA:61,5194992
DA:62,12647620
BRDA:62,0,0,5191728
BRDA:62,0,1,3264
BRDA:62,0,2,27744
BRDA:62,0,3,12647620
BRDA:62,0,4,24480
BRDA:62,0,5,3264
DA:63,5191728
DA:65,2870620
DA:66,2870620
DA:67,2870620
BRDA:67,0,0,2870620
BRDA:67,0,1,0
DA:68,2870620
DA:69,717655
DA:70,717655
DA:71,717655
DA:72,717655
DA:76,0
DA:81,1056280
DA:82,1056276
BRDA:82,0,0,4
BRDA:82,0,1,1056276
BRDA:82,0,2,4
BRDA:82,0,3,1056276
DA:83,16
BRDA:83,0,0,4
BRDA:83,0,1,16
DA:84,256
BRDA:84,0,0,16
BRDA:84,0,1,256
DA:85,256
DA:86,16
BRDA:86,0,0,4
BRDA:86,0,1,16
DA:87,256
BRDA:87,0,0,16
BRDA:87,0,1,256
DA:88,256
DA:89,64
BRDA:89,0,0,4
BRDA:89,0,1,64
DA:90,64
DA:91,1056276
DA:92,995473
BRDA:92,0,0,60803
BRDA:92,0,1,995473
DA:93,243212
BRDA:93,0,0,60803
BRDA:93,0,1,243212
DA:94,182409
BRDA:94,0,0,60803
BRDA:94,0,1,182409
DA:95,60803
DA:96,32775
DA:97,32775
BRDA:97,0,0,32775
BRDA:97,0,1,0
DA:98,32775
DA:99,32775
DA:100,32775
DA:102,28028
DA:103,28028
BRDA:103,0,0,28028
BRDA:103,0,1,0
DA:104,28028
DA:105,28028
DA:106,28028
DA:108,0
DA:109,0
BRDA:109,0,0,0
BRDA:109,0,1,0
DA:110,0
DA:111,0
DA:112,0
DA:114,0
DA:121,1037172
BRDA:121,0,0,0
BRDA:121,0,1,1037172
BRDA:121,0,2,19104
BRDA:121,0,3,19104
BRDA:121,0,4,1037172
DA:122,19104
DA:126,3168841
DA:127,3168841
DA:128,3168841
DA:129,3168841
DA:130,3168841
DA:131,3168841
DA:134,12675364
BRDA:134,0,0,3168841
BRDA:134,0,1,12675364
DA:135,12675364
BRDA:135,0,0,12675364
BRDA:135,0,1,0
DA:136,12675364
DA:137,12675364
DA:139,0
DA:142,12675364
BRDA:142,0,0,3168841
BRDA:142,0,1,12675364
DA:143,12675364
BRDA:143,0,0,12675364
BRDA:143,0,1,0
DA:144,12675364
DA:145,12675364
DA:147,0
DA:150,3168841
BRDA:150,0,0,3168841
BRDA:150,0,1,0
DA:151,3168841
DA:153,0
DA:156,1
DA:157,1
BRDA:157,0,0,1
BRDA:157,0,1,0
BRDA:157,0,2,0
BRDA:157,0,3,0
BRDA:157,0,4,1
BRF:59
BRH:40
end_of_record
SF:rtl/tinygpu_top.sv
DA:193,1056280
DA:194,1056276
BRDA:194,0,0,4
BRDA:194,0,1,1056276
BRDA:194,0,2,4
BRDA:194,0,3,1056276
DA:195,4
DA:196,4
DA:197,4
DA:198,4
DA:199,4
DA:200,4
DA:201,4
DA:202,4
DA:203,1056276
DA:204,1056276
DA:206,975893
BRDA:206,0,0,900039
BRDA:206,0,1,683226
BRDA:206,0,2,80383
BRDA:206,0,3,80383
BRDA:206,0,4,975893
DA:207,80383
DA:208,80383
DA:209,80383
DA:210,80383
DA:211,80383
DA:214,975893
BRDA:214,0,0,373050
BRDA:214,0,1,80383
BRDA:214,0,2,975893
BRDA:214,0,3,80383
BRDA:214,0,4,975893
DA:215,80383
DA:216,69157
BRDA:216,0,0,11226
BRDA:216,0,1,69157
BRDA:216,0,2,11226
BRDA:216,0,3,69157
DA:217,69157
BRDA:217,0,0,69157
BRDA:217,0,1,0
DA:218,69157
DA:219,69157
DA:220,69157
DA:221,0
DA:222,0
DA:227,1056276
BRDA:227,0,0,1056276
BRDA:227,0,1,0
BRDA:227,0,2,987119
BRDA:227,0,3,0
BRDA:227,0,4,1056276
DA:228,0
DA:229,0
DA:230,0
BRF:25
BRH:20
end_of_record
SF:rtl/tinygpu_vec_alu.sv
DA:14,14750
DA:19,14750
DA:20,0
DA:21,0
DA:22,14750
BRDA:22,0,0,0
BRDA:22,0,1,14750
DA:23,0
DA:25,14750
DA:29,1056281
DA:30,1056281
DA:31,1056281
DA:32,17760
DA:33,23234
DA:34,644944
BRDA:34,0,0,19246
BRDA:34,0,1,644944
BRDA:34,0,2,411337
BRDA:34,0,3,9177
BRDA:34,0,4,10069
DA:35,14750
DA:36,981291
BRF:7
BRH:6
end_of_record
